#-----------------------------------------------------------
# Vivado v2018.1 (64-bit)
# SW Build 2188600 on Wed Apr  4 18:40:38 MDT 2018
# IP Build 2185939 on Wed Apr  4 20:55:05 MDT 2018
# Start of session at: Wed Apr 24 14:30:28 2024
# Process ID: 16168
# Current directory: D:/Academic/NanoProcessor Update/NanoProcessor/NanoProcessor
# Command line: vivado.exe -gui_launcher_event rodinguilauncherevent11664 D:\Academic\NanoProcessor Update\NanoProcessor\NanoProcessor\NanoProcessor.xpr
# Log file: D:/Academic/NanoProcessor Update/NanoProcessor/NanoProcessor/vivado.log
# Journal file: D:/Academic/NanoProcessor Update/NanoProcessor/NanoProcessor\vivado.jou
#-----------------------------------------------------------
start_gui
open_project {D:/Academic/NanoProcessor Update/NanoProcessor/NanoProcessor/NanoProcessor.xpr}
Scanning sources...
Finished scanning sources
INFO: [IP_Flow 19-234] Refreshing IP repositories
INFO: [IP_Flow 19-1704] No user IP repositories specified
INFO: [IP_Flow 19-2313] Loaded Vivado IP repository 'D:/Softwares/Vivado/Vivado/2018.1/data/ip'.
open_project: Time (s): cpu = 00:00:11 ; elapsed = 00:00:07 . Memory (MB): peak = 893.406 ; gain = 150.469
update_compile_order -fileset sources_1reset_run synth_1
launch_runs impl_1 -to_step write_bitstream -jobs 6
[Wed Apr 24 14:31:28 2024] Launched synth_1...
Run output will be captured here: D:/Academic/NanoProcessor Update/NanoProcessor/NanoProcessor/NanoProcessor.runs/synth_1/runme.log
[Wed Apr 24 14:31:28 2024] Launched impl_1...
Run output will be captured here: D:/Academic/NanoProcessor Update/NanoProcessor/NanoProcessor/NanoProcessor.runs/impl_1/runme.log
reset_run synth_1
reset_run impl_1
launch_runs impl_1 -jobs 6
[Wed Apr 24 14:36:16 2024] Launched synth_1...
Run output will be captured here: D:/Academic/NanoProcessor Update/NanoProcessor/NanoProcessor/NanoProcessor.runs/synth_1/runme.log
[Wed Apr 24 14:36:16 2024] Launched impl_1...
Run output will be captured here: D:/Academic/NanoProcessor Update/NanoProcessor/NanoProcessor/NanoProcessor.runs/impl_1/runme.log
reset_run synth_1
reset_run impl_1
launch_runs impl_1 -jobs 6
[Wed Apr 24 14:40:09 2024] Launched synth_1...
Run output will be captured here: D:/Academic/NanoProcessor Update/NanoProcessor/NanoProcessor/NanoProcessor.runs/synth_1/runme.log
[Wed Apr 24 14:40:09 2024] Launched impl_1...
Run output will be captured here: D:/Academic/NanoProcessor Update/NanoProcessor/NanoProcessor/NanoProcessor.runs/impl_1/runme.log
reset_run synth_1
launch_runs impl_1 -jobs 6
[Wed Apr 24 14:43:09 2024] Launched synth_1...
Run output will be captured here: D:/Academic/NanoProcessor Update/NanoProcessor/NanoProcessor/NanoProcessor.runs/synth_1/runme.log
[Wed Apr 24 14:43:09 2024] Launched impl_1...
Run output will be captured here: D:/Academic/NanoProcessor Update/NanoProcessor/NanoProcessor/NanoProcessor.runs/impl_1/runme.log
launch_runs impl_1 -to_step write_bitstream -jobs 6
[Wed Apr 24 14:45:22 2024] Launched impl_1...
Run output will be captured here: D:/Academic/NanoProcessor Update/NanoProcessor/NanoProcessor/NanoProcessor.runs/impl_1/runme.log
reset_run synth_1
launch_runs impl_1 -to_step write_bitstream -jobs 6
[Wed Apr 24 14:56:08 2024] Launched synth_1...
Run output will be captured here: D:/Academic/NanoProcessor Update/NanoProcessor/NanoProcessor/NanoProcessor.runs/synth_1/runme.log
[Wed Apr 24 14:56:08 2024] Launched impl_1...
Run output will be captured here: D:/Academic/NanoProcessor Update/NanoProcessor/NanoProcessor/NanoProcessor.runs/impl_1/runme.log
open_run impl_1
INFO: [Netlist 29-17] Analyzing 14 Unisim elements for replacement
INFO: [Netlist 29-28] Unisim Transformation completed in 0 CPU seconds
INFO: [Project 1-479] Netlist was created with Vivado 2018.1
INFO: [Device 21-403] Loading part xc7a35tcpg236-1
INFO: [Project 1-570] Preparing netlist for logic optimization
INFO: [Timing 38-478] Restoring timing data from binary archive.
INFO: [Timing 38-479] Binary timing data restore complete.
INFO: [Project 1-856] Restoring constraints from binary archive.
INFO: [Project 1-853] Binary constraint restore complete.
Reading XDEF placement.
Reading placer database...
Reading XDEF routing.
Read XDEF File: Time (s): cpu = 00:00:00 ; elapsed = 00:00:00.028 . Memory (MB): peak = 1715.535 ; gain = 0.000
Restored from archive | CPU: 0.000000 secs | Memory: 0.000000 MB |
Finished XDEF File Restore: Time (s): cpu = 00:00:00 ; elapsed = 00:00:00.028 . Memory (MB): peak = 1715.535 ; gain = 0.000
INFO: [Project 1-111] Unisim Transformation Summary:
No Unisim elements were transformed.

open_run: Time (s): cpu = 00:00:14 ; elapsed = 00:00:17 . Memory (MB): peak = 1798.621 ; gain = 899.020
open_hw
connect_hw_server
INFO: [Labtools 27-2285] Connecting to hw_server url TCP:localhost:3121
INFO: [Labtools 27-2222] Launching hw_server...
INFO: [Labtools 27-2221] Launch Output:

****** Xilinx hw_server v2018.1
  **** Build date : Apr  4 2018-19:32:53
    ** Copyright 1986-2018 Xilinx, Inc. All Rights Reserved.


disconnect_hw_server localhost:3121
connect_hw_server
INFO: [Labtools 27-2285] Connecting to hw_server url TCP:localhost:3121
disconnect_hw_server localhost:3121
connect_hw_server
INFO: [Labtools 27-2285] Connecting to hw_server url TCP:localhost:3121
